0 info it worked if it ends with ok
1 verbose cli [ 'C:\\Program Files\\nodejs\\node.exe',
1 verbose cli   'C:\\Program Files\\nodejs\\node_modules\\npm\\bin\\npm-cli.js',
1 verbose cli   'install',
1 verbose cli   'passwordless-mongostore',
1 verbose cli   '--save' ]
2 info using npm@3.10.3
3 info using node@v6.5.0
4 silly loadCurrentTree Starting
5 silly install loadCurrentTree
6 silly install readLocalPackageData
7 silly fetchPackageMetaData passwordless-mongostore
8 silly fetchNamedPackageData passwordless-mongostore
9 silly mapToRegistry name passwordless-mongostore
10 silly mapToRegistry using default registry
11 silly mapToRegistry registry https://registry.npmjs.org/
12 silly mapToRegistry data Result {
12 silly mapToRegistry   raw: 'passwordless-mongostore',
12 silly mapToRegistry   scope: null,
12 silly mapToRegistry   escapedName: 'passwordless-mongostore',
12 silly mapToRegistry   name: 'passwordless-mongostore',
12 silly mapToRegistry   rawSpec: '',
12 silly mapToRegistry   spec: 'latest',
12 silly mapToRegistry   type: 'tag' }
13 silly mapToRegistry uri https://registry.npmjs.org/passwordless-mongostore
14 verbose request uri https://registry.npmjs.org/passwordless-mongostore
15 verbose request no auth needed
16 info attempt registry request try #1 at 5:27:58 PM
17 verbose request id 5e838bdff87fe2de
18 verbose etag W/"57fe8d4b-4d46"
19 verbose lastModified Wed, 12 Oct 2016 19:21:47 GMT
20 http request GET https://registry.npmjs.org/passwordless-mongostore
21 http 304 https://registry.npmjs.org/passwordless-mongostore
22 verbose headers { date: 'Thu, 01 Dec 2016 22:27:05 GMT',
22 verbose headers   via: '1.1 varnish',
22 verbose headers   'cache-control': 'max-age=300',
22 verbose headers   etag: 'W/"57fe8d4b-4d46"',
22 verbose headers   age: '0',
22 verbose headers   connection: 'keep-alive',
22 verbose headers   'x-served-by': 'cache-ord1726-ORD',
22 verbose headers   'x-cache': 'MISS',
22 verbose headers   'x-cache-hits': '0',
22 verbose headers   'x-timer': 'S1480631225.522120,VS0,VE19',
22 verbose headers   vary: 'Accept-Encoding' }
23 silly get cb [ 304,
23 silly get   { date: 'Thu, 01 Dec 2016 22:27:05 GMT',
23 silly get     via: '1.1 varnish',
23 silly get     'cache-control': 'max-age=300',
23 silly get     etag: 'W/"57fe8d4b-4d46"',
23 silly get     age: '0',
23 silly get     connection: 'keep-alive',
23 silly get     'x-served-by': 'cache-ord1726-ORD',
23 silly get     'x-cache': 'MISS',
23 silly get     'x-cache-hits': '0',
23 silly get     'x-timer': 'S1480631225.522120,VS0,VE19',
23 silly get     vary: 'Accept-Encoding' } ]
24 verbose etag https://registry.npmjs.org/passwordless-mongostore from cache
25 verbose get saving passwordless-mongostore to C:\Users\Owner\AppData\Roaming\npm-cache\registry.npmjs.org\passwordless-mongostore\.cache.json
26 verbose correctMkdir C:\Users\Owner\AppData\Roaming\npm-cache correctMkdir not in flight; initializing
27 silly install normalizeTree
28 silly loadCurrentTree Finishing
29 silly loadIdealTree Starting
30 silly install loadIdealTree
31 silly cloneCurrentTree Starting
32 silly install cloneCurrentTreeToIdealTree
33 silly cloneCurrentTree Finishing
34 silly loadShrinkwrap Starting
35 silly install loadShrinkwrap
36 silly loadShrinkwrap Finishing
37 silly loadAllDepsIntoIdealTree Starting
38 silly install loadAllDepsIntoIdealTree
39 silly resolveWithNewModule passwordless-mongostore@0.1.4 checking installable status
40 silly cache add args [ 'passwordless-mongostore', null ]
41 verbose cache add spec passwordless-mongostore
42 silly cache add parsed spec Result {
42 silly cache add   raw: 'passwordless-mongostore',
42 silly cache add   scope: null,
42 silly cache add   escapedName: 'passwordless-mongostore',
42 silly cache add   name: 'passwordless-mongostore',
42 silly cache add   rawSpec: '',
42 silly cache add   spec: 'latest',
42 silly cache add   type: 'tag' }
43 silly addNamed passwordless-mongostore@latest
44 verbose addNamed "latest" is being treated as a dist-tag for passwordless-mongostore
45 info addNameTag [ 'passwordless-mongostore', 'latest' ]
46 silly mapToRegistry name passwordless-mongostore
47 silly mapToRegistry using default registry
48 silly mapToRegistry registry https://registry.npmjs.org/
49 silly mapToRegistry data Result {
49 silly mapToRegistry   raw: 'passwordless-mongostore',
49 silly mapToRegistry   scope: null,
49 silly mapToRegistry   escapedName: 'passwordless-mongostore',
49 silly mapToRegistry   name: 'passwordless-mongostore',
49 silly mapToRegistry   rawSpec: '',
49 silly mapToRegistry   spec: 'latest',
49 silly mapToRegistry   type: 'tag' }
50 silly mapToRegistry uri https://registry.npmjs.org/passwordless-mongostore
51 verbose addNameTag registry:https://registry.npmjs.org/passwordless-mongostore not in flight; fetching
52 verbose get https://registry.npmjs.org/passwordless-mongostore not expired, no request
53 silly addNameTag next cb for passwordless-mongostore with tag latest
54 silly addNamed passwordless-mongostore@0.1.4
55 verbose addNamed "0.1.4" is a plain semver version for passwordless-mongostore
56 silly cache afterAdd passwordless-mongostore@0.1.4
57 verbose afterAdd C:\Users\Owner\AppData\Roaming\npm-cache\passwordless-mongostore\0.1.4\package\package.json not in flight; writing
58 verbose correctMkdir C:\Users\Owner\AppData\Roaming\npm-cache correctMkdir not in flight; initializing
59 verbose afterAdd C:\Users\Owner\AppData\Roaming\npm-cache\passwordless-mongostore\0.1.4\package\package.json written
60 silly fetchNamedPackageData bcrypt
61 silly mapToRegistry name bcrypt
62 silly mapToRegistry using default registry
63 silly mapToRegistry registry https://registry.npmjs.org/
64 silly mapToRegistry data Result {
64 silly mapToRegistry   raw: 'bcrypt',
64 silly mapToRegistry   scope: null,
64 silly mapToRegistry   escapedName: 'bcrypt',
64 silly mapToRegistry   name: 'bcrypt',
64 silly mapToRegistry   rawSpec: '',
64 silly mapToRegistry   spec: 'latest',
64 silly mapToRegistry   type: 'tag' }
65 silly mapToRegistry uri https://registry.npmjs.org/bcrypt
66 verbose request uri https://registry.npmjs.org/bcrypt
67 verbose request no auth needed
68 info attempt registry request try #1 at 5:27:58 PM
69 verbose etag W/"583e9edd-142b1"
70 verbose lastModified Wed, 30 Nov 2016 09:41:49 GMT
71 http request GET https://registry.npmjs.org/bcrypt
72 http 304 https://registry.npmjs.org/bcrypt
73 verbose headers { date: 'Thu, 01 Dec 2016 22:27:05 GMT',
73 verbose headers   via: '1.1 varnish',
73 verbose headers   'cache-control': 'max-age=300',
73 verbose headers   etag: 'W/"583e9edd-142b1"',
73 verbose headers   age: '209',
73 verbose headers   connection: 'keep-alive',
73 verbose headers   'x-served-by': 'cache-ord1726-ORD',
73 verbose headers   'x-cache': 'HIT',
73 verbose headers   'x-cache-hits': '1',
73 verbose headers   'x-timer': 'S1480631225.747500,VS0,VE0',
73 verbose headers   vary: 'Accept-Encoding' }
74 silly get cb [ 304,
74 silly get   { date: 'Thu, 01 Dec 2016 22:27:05 GMT',
74 silly get     via: '1.1 varnish',
74 silly get     'cache-control': 'max-age=300',
74 silly get     etag: 'W/"583e9edd-142b1"',
74 silly get     age: '209',
74 silly get     connection: 'keep-alive',
74 silly get     'x-served-by': 'cache-ord1726-ORD',
74 silly get     'x-cache': 'HIT',
74 silly get     'x-cache-hits': '1',
74 silly get     'x-timer': 'S1480631225.747500,VS0,VE0',
74 silly get     vary: 'Accept-Encoding' } ]
75 verbose etag https://registry.npmjs.org/bcrypt from cache
76 verbose get saving bcrypt to C:\Users\Owner\AppData\Roaming\npm-cache\registry.npmjs.org\bcrypt\.cache.json
77 verbose correctMkdir C:\Users\Owner\AppData\Roaming\npm-cache correctMkdir not in flight; initializing
78 silly resolveWithNewModule bcrypt@0.8.7 checking installable status
79 silly cache add args [ 'bcrypt@^0.8.7', null ]
80 verbose cache add spec bcrypt@^0.8.7
81 silly cache add parsed spec Result {
81 silly cache add   raw: 'bcrypt@^0.8.7',
81 silly cache add   scope: null,
81 silly cache add   escapedName: 'bcrypt',
81 silly cache add   name: 'bcrypt',
81 silly cache add   rawSpec: '^0.8.7',
81 silly cache add   spec: '>=0.8.7 <0.9.0',
81 silly cache add   type: 'range' }
82 silly addNamed bcrypt@>=0.8.7 <0.9.0
83 verbose addNamed ">=0.8.7 <0.9.0" is a valid semver range for bcrypt
84 silly addNameRange { name: 'bcrypt', range: '>=0.8.7 <0.9.0', hasData: false }
85 silly mapToRegistry name bcrypt
86 silly mapToRegistry using default registry
87 silly mapToRegistry registry https://registry.npmjs.org/
88 silly mapToRegistry data Result {
88 silly mapToRegistry   raw: 'bcrypt',
88 silly mapToRegistry   scope: null,
88 silly mapToRegistry   escapedName: 'bcrypt',
88 silly mapToRegistry   name: 'bcrypt',
88 silly mapToRegistry   rawSpec: '',
88 silly mapToRegistry   spec: 'latest',
88 silly mapToRegistry   type: 'tag' }
89 silly mapToRegistry uri https://registry.npmjs.org/bcrypt
90 verbose addNameRange registry:https://registry.npmjs.org/bcrypt not in flight; fetching
91 verbose get https://registry.npmjs.org/bcrypt not expired, no request
92 silly addNameRange number 2 { name: 'bcrypt', range: '>=0.8.7 <0.9.0', hasData: true }
93 silly addNameRange versions [ 'bcrypt',
93 silly addNameRange   [ '0.1.2',
93 silly addNameRange     '0.2.0',
93 silly addNameRange     '0.2.1',
93 silly addNameRange     '0.1.3',
93 silly addNameRange     '0.2.2',
93 silly addNameRange     '0.2.3',
93 silly addNameRange     '0.2.4',
93 silly addNameRange     '0.3.0',
93 silly addNameRange     '0.3.1',
93 silly addNameRange     '0.3.2',
93 silly addNameRange     '0.4.0',
93 silly addNameRange     '0.4.1',
93 silly addNameRange     '0.5.0',
93 silly addNameRange     '0.6.0',
93 silly addNameRange     '0.7.0',
93 silly addNameRange     '0.7.1',
93 silly addNameRange     '0.7.2',
93 silly addNameRange     '0.7.3',
93 silly addNameRange     '0.7.4',
93 silly addNameRange     '0.7.5',
93 silly addNameRange     '0.7.6',
93 silly addNameRange     '0.7.7',
93 silly addNameRange     '0.7.8',
93 silly addNameRange     '0.8.0',
93 silly addNameRange     '0.8.1',
93 silly addNameRange     '0.8.2',
93 silly addNameRange     '0.8.3',
93 silly addNameRange     '0.8.4',
93 silly addNameRange     '0.8.5',
93 silly addNameRange     '0.8.6',
93 silly addNameRange     '0.8.7' ] ]
94 silly addNamed bcrypt@0.8.7
95 verbose addNamed "0.8.7" is a plain semver version for bcrypt
96 silly cache afterAdd bcrypt@0.8.7
97 verbose afterAdd C:\Users\Owner\AppData\Roaming\npm-cache\bcrypt\0.8.7\package\package.json not in flight; writing
98 verbose correctMkdir C:\Users\Owner\AppData\Roaming\npm-cache correctMkdir not in flight; initializing
99 verbose afterAdd C:\Users\Owner\AppData\Roaming\npm-cache\bcrypt\0.8.7\package\package.json written
100 silly fetchNamedPackageData bindings
101 silly mapToRegistry name bindings
102 silly mapToRegistry using default registry
103 silly mapToRegistry registry https://registry.npmjs.org/
104 silly mapToRegistry data Result {
104 silly mapToRegistry   raw: 'bindings',
104 silly mapToRegistry   scope: null,
104 silly mapToRegistry   escapedName: 'bindings',
104 silly mapToRegistry   name: 'bindings',
104 silly mapToRegistry   rawSpec: '',
104 silly mapToRegistry   spec: 'latest',
104 silly mapToRegistry   type: 'tag' }
105 silly mapToRegistry uri https://registry.npmjs.org/bindings
106 silly fetchNamedPackageData nan
107 silly mapToRegistry name nan
108 silly mapToRegistry using default registry
109 silly mapToRegistry registry https://registry.npmjs.org/
110 silly mapToRegistry data Result {
110 silly mapToRegistry   raw: 'nan',
110 silly mapToRegistry   scope: null,
110 silly mapToRegistry   escapedName: 'nan',
110 silly mapToRegistry   name: 'nan',
110 silly mapToRegistry   rawSpec: '',
110 silly mapToRegistry   spec: 'latest',
110 silly mapToRegistry   type: 'tag' }
111 silly mapToRegistry uri https://registry.npmjs.org/nan
112 verbose request uri https://registry.npmjs.org/bindings
113 verbose request no auth needed
114 info attempt registry request try #1 at 5:27:59 PM
115 verbose etag W/"580645d3-46f7"
116 verbose lastModified Tue, 18 Oct 2016 15:54:59 GMT
117 http request GET https://registry.npmjs.org/bindings
118 verbose request uri https://registry.npmjs.org/nan
119 verbose request no auth needed
120 info attempt registry request try #1 at 5:27:59 PM
121 verbose etag W/"5818d749-1ce1e"
122 verbose lastModified Tue, 01 Nov 2016 17:56:25 GMT
123 http request GET https://registry.npmjs.org/nan
124 http 304 https://registry.npmjs.org/bindings
125 verbose headers { date: 'Thu, 01 Dec 2016 22:27:05 GMT',
125 verbose headers   via: '1.1 varnish',
125 verbose headers   'cache-control': 'max-age=300',
125 verbose headers   etag: 'W/"580645d3-46f7"',
125 verbose headers   age: '299',
125 verbose headers   connection: 'keep-alive',
125 verbose headers   'x-served-by': 'cache-ord1726-ORD',
125 verbose headers   'x-cache': 'HIT',
125 verbose headers   'x-cache-hits': '3',
125 verbose headers   'x-timer': 'S1480631225.885347,VS0,VE0',
125 verbose headers   vary: 'Accept-Encoding' }
126 silly get cb [ 304,
126 silly get   { date: 'Thu, 01 Dec 2016 22:27:05 GMT',
126 silly get     via: '1.1 varnish',
126 silly get     'cache-control': 'max-age=300',
126 silly get     etag: 'W/"580645d3-46f7"',
126 silly get     age: '299',
126 silly get     connection: 'keep-alive',
126 silly get     'x-served-by': 'cache-ord1726-ORD',
126 silly get     'x-cache': 'HIT',
126 silly get     'x-cache-hits': '3',
126 silly get     'x-timer': 'S1480631225.885347,VS0,VE0',
126 silly get     vary: 'Accept-Encoding' } ]
127 verbose etag https://registry.npmjs.org/bindings from cache
128 verbose get saving bindings to C:\Users\Owner\AppData\Roaming\npm-cache\registry.npmjs.org\bindings\.cache.json
129 verbose correctMkdir C:\Users\Owner\AppData\Roaming\npm-cache correctMkdir not in flight; initializing
130 silly resolveWithNewModule bindings@1.2.1 checking installable status
131 silly cache add args [ 'bindings@1.2.1', null ]
132 verbose cache add spec bindings@1.2.1
133 silly cache add parsed spec Result {
133 silly cache add   raw: 'bindings@1.2.1',
133 silly cache add   scope: null,
133 silly cache add   escapedName: 'bindings',
133 silly cache add   name: 'bindings',
133 silly cache add   rawSpec: '1.2.1',
133 silly cache add   spec: '1.2.1',
133 silly cache add   type: 'version' }
134 silly addNamed bindings@1.2.1
135 verbose addNamed "1.2.1" is a plain semver version for bindings
136 silly mapToRegistry name bindings
137 silly mapToRegistry using default registry
138 silly mapToRegistry registry https://registry.npmjs.org/
139 silly mapToRegistry data Result {
139 silly mapToRegistry   raw: 'bindings',
139 silly mapToRegistry   scope: null,
139 silly mapToRegistry   escapedName: 'bindings',
139 silly mapToRegistry   name: 'bindings',
139 silly mapToRegistry   rawSpec: '',
139 silly mapToRegistry   spec: 'latest',
139 silly mapToRegistry   type: 'tag' }
140 silly mapToRegistry uri https://registry.npmjs.org/bindings
141 verbose addNameVersion registry:https://registry.npmjs.org/bindings not in flight; fetching
142 verbose get https://registry.npmjs.org/bindings not expired, no request
143 silly cache afterAdd bindings@1.2.1
144 verbose afterAdd C:\Users\Owner\AppData\Roaming\npm-cache\bindings\1.2.1\package\package.json not in flight; writing
145 verbose correctMkdir C:\Users\Owner\AppData\Roaming\npm-cache correctMkdir not in flight; initializing
146 verbose afterAdd C:\Users\Owner\AppData\Roaming\npm-cache\bindings\1.2.1\package\package.json written
147 http 304 https://registry.npmjs.org/nan
148 verbose headers { date: 'Thu, 01 Dec 2016 22:27:05 GMT',
148 verbose headers   via: '1.1 varnish',
148 verbose headers   'cache-control': 'max-age=300',
148 verbose headers   etag: 'W/"5818d749-1ce1e"',
148 verbose headers   age: '188',
148 verbose headers   connection: 'keep-alive',
148 verbose headers   'x-served-by': 'cache-ord1728-ORD',
148 verbose headers   'x-cache': 'HIT',
148 verbose headers   'x-cache-hits': '1453',
148 verbose headers   'x-timer': 'S1480631225.965562,VS0,VE0',
148 verbose headers   vary: 'Accept-Encoding' }
149 silly get cb [ 304,
149 silly get   { date: 'Thu, 01 Dec 2016 22:27:05 GMT',
149 silly get     via: '1.1 varnish',
149 silly get     'cache-control': 'max-age=300',
149 silly get     etag: 'W/"5818d749-1ce1e"',
149 silly get     age: '188',
149 silly get     connection: 'keep-alive',
149 silly get     'x-served-by': 'cache-ord1728-ORD',
149 silly get     'x-cache': 'HIT',
149 silly get     'x-cache-hits': '1453',
149 silly get     'x-timer': 'S1480631225.965562,VS0,VE0',
149 silly get     vary: 'Accept-Encoding' } ]
150 verbose etag https://registry.npmjs.org/nan from cache
151 verbose get saving nan to C:\Users\Owner\AppData\Roaming\npm-cache\registry.npmjs.org\nan\.cache.json
152 verbose correctMkdir C:\Users\Owner\AppData\Roaming\npm-cache correctMkdir not in flight; initializing
153 silly resolveWithNewModule nan@2.3.5 checking installable status
154 silly cache add args [ 'nan@2.3.5', null ]
155 verbose cache add spec nan@2.3.5
156 silly cache add parsed spec Result {
156 silly cache add   raw: 'nan@2.3.5',
156 silly cache add   scope: null,
156 silly cache add   escapedName: 'nan',
156 silly cache add   name: 'nan',
156 silly cache add   rawSpec: '2.3.5',
156 silly cache add   spec: '2.3.5',
156 silly cache add   type: 'version' }
157 silly addNamed nan@2.3.5
158 verbose addNamed "2.3.5" is a plain semver version for nan
159 silly mapToRegistry name nan
160 silly mapToRegistry using default registry
161 silly mapToRegistry registry https://registry.npmjs.org/
162 silly mapToRegistry data Result {
162 silly mapToRegistry   raw: 'nan',
162 silly mapToRegistry   scope: null,
162 silly mapToRegistry   escapedName: 'nan',
162 silly mapToRegistry   name: 'nan',
162 silly mapToRegistry   rawSpec: '',
162 silly mapToRegistry   spec: 'latest',
162 silly mapToRegistry   type: 'tag' }
163 silly mapToRegistry uri https://registry.npmjs.org/nan
164 verbose addNameVersion registry:https://registry.npmjs.org/nan not in flight; fetching
165 verbose get https://registry.npmjs.org/nan not expired, no request
166 silly cache afterAdd nan@2.3.5
167 verbose afterAdd C:\Users\Owner\AppData\Roaming\npm-cache\nan\2.3.5\package\package.json not in flight; writing
168 verbose correctMkdir C:\Users\Owner\AppData\Roaming\npm-cache correctMkdir not in flight; initializing
169 verbose afterAdd C:\Users\Owner\AppData\Roaming\npm-cache\nan\2.3.5\package\package.json written
170 silly loadAllDepsIntoIdealTree Finishing
171 silly loadIdealTree Finishing
172 silly currentTree InventoryApplication@0.0.0
172 silly currentTree +-- accepts@1.2.13
172 silly currentTree +-- addressparser@0.3.2
172 silly currentTree +-- append-field@0.1.0
172 silly currentTree +-- array-flatten@1.1.1
172 silly currentTree +-- async@2.1.2
172 silly currentTree +-- base-x@1.1.0
172 silly currentTree +-- base64-url@1.3.3
172 silly currentTree +-- basic-auth@1.0.4
172 silly currentTree +-- bluebird@2.10.2
172 silly currentTree +-- body-parser@1.15.2
172 silly currentTree +-- bs58@3.1.0
172 silly currentTree +-- bson@0.5.6
172 silly currentTree +-- buffer-shims@1.0.0
172 silly currentTree +-- bufferjs@1.1.0
172 silly currentTree +-- busboy@0.2.13
172 silly currentTree | +-- isarray@0.0.1
172 silly currentTree | `-- readable-stream@1.1.14
172 silly currentTree +-- bytes@2.4.0
172 silly currentTree +-- concat-stream@1.5.2
172 silly currentTree | `-- readable-stream@2.0.6
172 silly currentTree +-- connect-flash@0.1.1
172 silly currentTree +-- content-disposition@0.5.1
172 silly currentTree +-- content-type@1.0.2
172 silly currentTree +-- cookie-parser@1.4.3
172 silly currentTree +-- cookie-signature@1.0.6
172 silly currentTree +-- cookie@0.3.1
172 silly currentTree +-- core-util-is@1.0.2
172 silly currentTree +-- crc@3.4.1
172 silly currentTree +-- debug@2.2.0
172 silly currentTree +-- depd@1.1.0
172 silly currentTree +-- destroy@1.0.4
172 silly currentTree +-- dicer@0.2.5
172 silly currentTree | +-- isarray@0.0.1
172 silly currentTree | `-- readable-stream@1.1.14
172 silly currentTree +-- ee-first@1.1.1
172 silly currentTree +-- ejs@2.4.2
172 silly currentTree +-- emailjs@1.0.8
172 silly currentTree +-- encoding@0.1.12
172 silly currentTree +-- es6-promise@3.2.1
172 silly currentTree +-- escape-html@1.0.3
172 silly currentTree +-- etag@1.7.0
172 silly currentTree +-- express-session@1.14.2
172 silly currentTree +-- express@4.13.4
172 silly currentTree | +-- cookie@0.1.5
172 silly currentTree | `-- qs@4.0.0
172 silly currentTree +-- finalhandler@0.4.1
172 silly currentTree +-- forwarded@0.1.0
172 silly currentTree +-- fresh@0.3.0
172 silly currentTree +-- generaterr@1.5.0
172 silly currentTree +-- hooks-fixed@1.2.0
172 silly currentTree +-- http-errors@1.5.1
172 silly currentTree +-- iconv-lite@0.4.13
172 silly currentTree +-- inherits@2.0.3
172 silly currentTree +-- ipaddr.js@1.0.5
172 silly currentTree +-- isarray@1.0.0
172 silly currentTree +-- kareem@1.1.3
172 silly currentTree +-- lodash@4.17.2
172 silly currentTree +-- media-typer@0.3.0
172 silly currentTree +-- merge-descriptors@1.0.1
172 silly currentTree +-- methods@1.1.2
172 silly currentTree +-- mime-db@1.24.0
172 silly currentTree +-- mime-types@2.1.12
172 silly currentTree +-- mime@1.3.4
172 silly currentTree +-- mimelib@0.2.14
172 silly currentTree | `-- addressparser@0.2.1
172 silly currentTree +-- minimist@0.0.8
172 silly currentTree +-- mkdirp@0.5.1
172 silly currentTree +-- moment@2.11.2
172 silly currentTree +-- mongodb-core@2.0.13
172 silly currentTree +-- mongodb@2.2.11
172 silly currentTree +-- mongoose@4.6.8
172 silly currentTree +-- morgan@1.7.0
172 silly currentTree +-- mpath@0.2.1
172 silly currentTree +-- mpromise@0.5.5
172 silly currentTree +-- mquery@2.0.0
172 silly currentTree | `-- sliced@0.0.5
172 silly currentTree +-- ms@0.7.1
172 silly currentTree +-- multer@1.2.0
172 silly currentTree +-- muri@1.1.1
172 silly currentTree +-- negotiator@0.5.3
172 silly currentTree +-- oauth@0.9.14
172 silly currentTree +-- object-assign@3.0.0
172 silly currentTree +-- on-finished@2.3.0
172 silly currentTree +-- on-headers@1.0.1
172 silly currentTree +-- parseurl@1.3.1
172 silly currentTree +-- passport-facebook@2.1.1
172 silly currentTree +-- passport-local-mongoose@4.0.0
172 silly currentTree +-- passport-local@1.0.0
172 silly currentTree +-- passport-oauth2@1.3.0
172 silly currentTree +-- passport-strategy@1.0.0
172 silly currentTree +-- passport@0.3.2
172 silly currentTree +-- passwordless-tokenstore@0.0.10
172 silly currentTree +-- passwordless@1.1.2
172 silly currentTree +-- path-to-regexp@0.1.7
172 silly currentTree +-- pause@0.0.1
172 silly currentTree +-- process-nextick-args@1.0.7
172 silly currentTree +-- proxy-addr@1.0.10
172 silly currentTree +-- qs@6.2.0
172 silly currentTree +-- random-bytes@1.0.0
172 silly currentTree +-- range-parser@1.0.3
172 silly currentTree +-- raw-body@2.1.7
172 silly currentTree +-- readable-stream@2.1.5
172 silly currentTree +-- regexp-clone@0.0.1
172 silly currentTree +-- require_optional@1.0.0
172 silly currentTree +-- resolve-from@2.0.0
172 silly currentTree +-- scmp@1.0.2
172 silly currentTree +-- semver@5.3.0
172 silly currentTree +-- send@0.13.1
172 silly currentTree | +-- http-errors@1.3.1
172 silly currentTree | `-- statuses@1.2.1
172 silly currentTree +-- serve-favicon@2.3.2
172 silly currentTree | `-- ms@0.7.2
172 silly currentTree +-- serve-static@1.10.3
172 silly currentTree | +-- http-errors@1.3.1
172 silly currentTree | +-- send@0.13.2
172 silly currentTree | `-- statuses@1.2.1
172 silly currentTree +-- setprototypeof@1.0.2
172 silly currentTree +-- sliced@1.0.1
172 silly currentTree +-- starttls@1.0.1
172 silly currentTree +-- statuses@1.3.1
172 silly currentTree +-- streamsearch@0.1.2
172 silly currentTree +-- string_decoder@0.10.31
172 silly currentTree +-- type-is@1.6.13
172 silly currentTree +-- typedarray@0.0.6
172 silly currentTree +-- uid-safe@2.1.3
172 silly currentTree +-- uid2@0.0.3
172 silly currentTree +-- unpipe@1.0.0
172 silly currentTree +-- util-deprecate@1.0.2
172 silly currentTree +-- utils-merge@1.0.0
172 silly currentTree +-- vary@1.0.1
172 silly currentTree `-- xtend@4.0.1
173 silly idealTree InventoryApplication@0.0.0
173 silly idealTree +-- accepts@1.2.13
173 silly idealTree +-- addressparser@0.3.2
173 silly idealTree +-- append-field@0.1.0
173 silly idealTree +-- array-flatten@1.1.1
173 silly idealTree +-- async@2.1.2
173 silly idealTree +-- base-x@1.1.0
173 silly idealTree +-- base64-url@1.3.3
173 silly idealTree +-- basic-auth@1.0.4
173 silly idealTree +-- bcrypt@0.8.7
173 silly idealTree +-- bindings@1.2.1
173 silly idealTree +-- bluebird@2.10.2
173 silly idealTree +-- body-parser@1.15.2
173 silly idealTree +-- bs58@3.1.0
173 silly idealTree +-- bson@0.5.6
173 silly idealTree +-- buffer-shims@1.0.0
173 silly idealTree +-- bufferjs@1.1.0
173 silly idealTree +-- busboy@0.2.13
173 silly idealTree | +-- isarray@0.0.1
173 silly idealTree | `-- readable-stream@1.1.14
173 silly idealTree +-- bytes@2.4.0
173 silly idealTree +-- concat-stream@1.5.2
173 silly idealTree | `-- readable-stream@2.0.6
173 silly idealTree +-- connect-flash@0.1.1
173 silly idealTree +-- content-disposition@0.5.1
173 silly idealTree +-- content-type@1.0.2
173 silly idealTree +-- cookie-parser@1.4.3
173 silly idealTree +-- cookie-signature@1.0.6
173 silly idealTree +-- cookie@0.3.1
173 silly idealTree +-- core-util-is@1.0.2
173 silly idealTree +-- crc@3.4.1
173 silly idealTree +-- debug@2.2.0
173 silly idealTree +-- depd@1.1.0
173 silly idealTree +-- destroy@1.0.4
173 silly idealTree +-- dicer@0.2.5
173 silly idealTree | +-- isarray@0.0.1
173 silly idealTree | `-- readable-stream@1.1.14
173 silly idealTree +-- ee-first@1.1.1
173 silly idealTree +-- ejs@2.4.2
173 silly idealTree +-- emailjs@1.0.8
173 silly idealTree +-- encoding@0.1.12
173 silly idealTree +-- es6-promise@3.2.1
173 silly idealTree +-- escape-html@1.0.3
173 silly idealTree +-- etag@1.7.0
173 silly idealTree +-- express-session@1.14.2
173 silly idealTree +-- express@4.13.4
173 silly idealTree | +-- cookie@0.1.5
173 silly idealTree | `-- qs@4.0.0
173 silly idealTree +-- finalhandler@0.4.1
173 silly idealTree +-- forwarded@0.1.0
173 silly idealTree +-- fresh@0.3.0
173 silly idealTree +-- generaterr@1.5.0
173 silly idealTree +-- hooks-fixed@1.2.0
173 silly idealTree +-- http-errors@1.5.1
173 silly idealTree +-- iconv-lite@0.4.13
173 silly idealTree +-- inherits@2.0.3
173 silly idealTree +-- ipaddr.js@1.0.5
173 silly idealTree +-- isarray@1.0.0
173 silly idealTree +-- kareem@1.1.3
173 silly idealTree +-- lodash@4.17.2
173 silly idealTree +-- media-typer@0.3.0
173 silly idealTree +-- merge-descriptors@1.0.1
173 silly idealTree +-- methods@1.1.2
173 silly idealTree +-- mime-db@1.24.0
173 silly idealTree +-- mime-types@2.1.12
173 silly idealTree +-- mime@1.3.4
173 silly idealTree +-- mimelib@0.2.14
173 silly idealTree | `-- addressparser@0.2.1
173 silly idealTree +-- minimist@0.0.8
173 silly idealTree +-- mkdirp@0.5.1
173 silly idealTree +-- moment@2.11.2
173 silly idealTree +-- mongodb-core@2.0.13
173 silly idealTree +-- mongodb@2.2.11
173 silly idealTree +-- mongoose@4.6.8
173 silly idealTree +-- morgan@1.7.0
173 silly idealTree +-- mpath@0.2.1
173 silly idealTree +-- mpromise@0.5.5
173 silly idealTree +-- mquery@2.0.0
173 silly idealTree | `-- sliced@0.0.5
173 silly idealTree +-- ms@0.7.1
173 silly idealTree +-- multer@1.2.0
173 silly idealTree +-- muri@1.1.1
173 silly idealTree +-- nan@2.3.5
173 silly idealTree +-- negotiator@0.5.3
173 silly idealTree +-- oauth@0.9.14
173 silly idealTree +-- object-assign@3.0.0
173 silly idealTree +-- on-finished@2.3.0
173 silly idealTree +-- on-headers@1.0.1
173 silly idealTree +-- parseurl@1.3.1
173 silly idealTree +-- passport-facebook@2.1.1
173 silly idealTree +-- passport-local-mongoose@4.0.0
173 silly idealTree +-- passport-local@1.0.0
173 silly idealTree +-- passport-oauth2@1.3.0
173 silly idealTree +-- passport-strategy@1.0.0
173 silly idealTree +-- passport@0.3.2
173 silly idealTree +-- passwordless-mongostore@0.1.4
173 silly idealTree +-- passwordless-tokenstore@0.0.10
173 silly idealTree +-- passwordless@1.1.2
173 silly idealTree +-- path-to-regexp@0.1.7
173 silly idealTree +-- pause@0.0.1
173 silly idealTree +-- process-nextick-args@1.0.7
173 silly idealTree +-- proxy-addr@1.0.10
173 silly idealTree +-- qs@6.2.0
173 silly idealTree +-- random-bytes@1.0.0
173 silly idealTree +-- range-parser@1.0.3
173 silly idealTree +-- raw-body@2.1.7
173 silly idealTree +-- readable-stream@2.1.5
173 silly idealTree +-- regexp-clone@0.0.1
173 silly idealTree +-- require_optional@1.0.0
173 silly idealTree +-- resolve-from@2.0.0
173 silly idealTree +-- scmp@1.0.2
173 silly idealTree +-- semver@5.3.0
173 silly idealTree +-- send@0.13.1
173 silly idealTree | +-- http-errors@1.3.1
173 silly idealTree | `-- statuses@1.2.1
173 silly idealTree +-- serve-favicon@2.3.2
173 silly idealTree | `-- ms@0.7.2
173 silly idealTree +-- serve-static@1.10.3
173 silly idealTree | +-- http-errors@1.3.1
173 silly idealTree | +-- send@0.13.2
173 silly idealTree | `-- statuses@1.2.1
173 silly idealTree +-- setprototypeof@1.0.2
173 silly idealTree +-- sliced@1.0.1
173 silly idealTree +-- starttls@1.0.1
173 silly idealTree +-- statuses@1.3.1
173 silly idealTree +-- streamsearch@0.1.2
173 silly idealTree +-- string_decoder@0.10.31
173 silly idealTree +-- type-is@1.6.13
173 silly idealTree +-- typedarray@0.0.6
173 silly idealTree +-- uid-safe@2.1.3
173 silly idealTree +-- uid2@0.0.3
173 silly idealTree +-- unpipe@1.0.0
173 silly idealTree +-- util-deprecate@1.0.2
173 silly idealTree +-- utils-merge@1.0.0
173 silly idealTree +-- vary@1.0.1
173 silly idealTree `-- xtend@4.0.1
174 silly generateActionsToTake Starting
175 silly install generateActionsToTake
176 silly generateActionsToTake Finishing
177 silly diffTrees action count 4
178 silly diffTrees add bindings@1.2.1
179 silly diffTrees add nan@2.3.5
180 silly diffTrees add bcrypt@0.8.7
181 silly diffTrees add passwordless-mongostore@0.1.4
182 silly decomposeActions action count 32
183 silly decomposeActions fetch bindings@1.2.1
184 silly decomposeActions extract bindings@1.2.1
185 silly decomposeActions test bindings@1.2.1
186 silly decomposeActions preinstall bindings@1.2.1
187 silly decomposeActions build bindings@1.2.1
188 silly decomposeActions install bindings@1.2.1
189 silly decomposeActions postinstall bindings@1.2.1
190 silly decomposeActions finalize bindings@1.2.1
191 silly decomposeActions fetch nan@2.3.5
192 silly decomposeActions extract nan@2.3.5
193 silly decomposeActions test nan@2.3.5
194 silly decomposeActions preinstall nan@2.3.5
195 silly decomposeActions build nan@2.3.5
196 silly decomposeActions install nan@2.3.5
197 silly decomposeActions postinstall nan@2.3.5
198 silly decomposeActions finalize nan@2.3.5
199 silly decomposeActions fetch bcrypt@0.8.7
200 silly decomposeActions extract bcrypt@0.8.7
201 silly decomposeActions test bcrypt@0.8.7
202 silly decomposeActions preinstall bcrypt@0.8.7
203 silly decomposeActions build bcrypt@0.8.7
204 silly decomposeActions install bcrypt@0.8.7
205 silly decomposeActions postinstall bcrypt@0.8.7
206 silly decomposeActions finalize bcrypt@0.8.7
207 silly decomposeActions fetch passwordless-mongostore@0.1.4
208 silly decomposeActions extract passwordless-mongostore@0.1.4
209 silly decomposeActions test passwordless-mongostore@0.1.4
210 silly decomposeActions preinstall passwordless-mongostore@0.1.4
211 silly decomposeActions build passwordless-mongostore@0.1.4
212 silly decomposeActions install passwordless-mongostore@0.1.4
213 silly decomposeActions postinstall passwordless-mongostore@0.1.4
214 silly decomposeActions finalize passwordless-mongostore@0.1.4
215 silly executeActions Starting
216 silly install executeActions
217 silly doSerial global-install 0
218 silly doParallel fetch 4
219 verbose correctMkdir C:\Users\Owner\AppData\Roaming\npm-cache\_locks correctMkdir not in flight; initializing
220 verbose lock using C:\Users\Owner\AppData\Roaming\npm-cache\_locks\staging-2ef258108204ae1a.lock for C:\Users\Owner\node\copy\node_modules\.staging
221 silly doParallel extract 4
222 silly extract bindings@1.2.1
223 silly extract nan@2.3.5
224 silly extract bcrypt@0.8.7
225 silly extract passwordless-mongostore@0.1.4
226 verbose unbuild node_modules\.staging\nan-d08d24a6
227 verbose unbuild node_modules\.staging\bindings-7b385b38
228 verbose unbuild node_modules\.staging\bcrypt-e8dc79d2
229 verbose unbuild node_modules\.staging\passwordless-mongostore-326841f4
230 silly gentlyRm C:\Users\Owner\node\copy\node_modules\.staging\nan-d08d24a6 is being purged from base C:\Users\Owner\node\copy
231 verbose gentlyRm don't care about contents; nuking C:\Users\Owner\node\copy\node_modules\.staging\nan-d08d24a6
232 silly gentlyRm C:\Users\Owner\node\copy\node_modules\.staging\bindings-7b385b38 is being purged from base C:\Users\Owner\node\copy
233 verbose gentlyRm don't care about contents; nuking C:\Users\Owner\node\copy\node_modules\.staging\bindings-7b385b38
234 silly gentlyRm C:\Users\Owner\node\copy\node_modules\.staging\bcrypt-e8dc79d2 is being purged from base C:\Users\Owner\node\copy
235 verbose gentlyRm don't care about contents; nuking C:\Users\Owner\node\copy\node_modules\.staging\bcrypt-e8dc79d2
236 silly gentlyRm C:\Users\Owner\node\copy\node_modules\.staging\passwordless-mongostore-326841f4 is being purged from base C:\Users\Owner\node\copy
237 verbose gentlyRm don't care about contents; nuking C:\Users\Owner\node\copy\node_modules\.staging\passwordless-mongostore-326841f4
238 verbose tar unpack C:\Users\Owner\AppData\Roaming\npm-cache\nan\2.3.5\package.tgz
239 verbose tar unpacking to C:\Users\Owner\node\copy\node_modules\.staging\nan-d08d24a6
240 silly gentlyRm C:\Users\Owner\node\copy\node_modules\.staging\nan-d08d24a6 is being purged
241 verbose gentlyRm don't care about contents; nuking C:\Users\Owner\node\copy\node_modules\.staging\nan-d08d24a6
242 verbose tar unpack C:\Users\Owner\AppData\Roaming\npm-cache\bindings\1.2.1\package.tgz
243 verbose tar unpacking to C:\Users\Owner\node\copy\node_modules\.staging\bindings-7b385b38
244 silly gentlyRm C:\Users\Owner\node\copy\node_modules\.staging\bindings-7b385b38 is being purged
245 verbose gentlyRm don't care about contents; nuking C:\Users\Owner\node\copy\node_modules\.staging\bindings-7b385b38
246 verbose tar unpack C:\Users\Owner\AppData\Roaming\npm-cache\bcrypt\0.8.7\package.tgz
247 verbose tar unpacking to C:\Users\Owner\node\copy\node_modules\.staging\bcrypt-e8dc79d2
248 silly gentlyRm C:\Users\Owner\node\copy\node_modules\.staging\bcrypt-e8dc79d2 is being purged
249 verbose gentlyRm don't care about contents; nuking C:\Users\Owner\node\copy\node_modules\.staging\bcrypt-e8dc79d2
250 verbose tar unpack C:\Users\Owner\AppData\Roaming\npm-cache\passwordless-mongostore\0.1.4\package.tgz
251 verbose tar unpacking to C:\Users\Owner\node\copy\node_modules\.staging\passwordless-mongostore-326841f4
252 silly gentlyRm C:\Users\Owner\node\copy\node_modules\.staging\passwordless-mongostore-326841f4 is being purged
253 verbose gentlyRm don't care about contents; nuking C:\Users\Owner\node\copy\node_modules\.staging\passwordless-mongostore-326841f4
254 silly gunzTarPerm modes [ '777', '666' ]
255 silly gunzTarPerm modes [ '777', '666' ]
256 silly gunzTarPerm modes [ '777', '666' ]
257 silly gunzTarPerm modes [ '777', '666' ]
258 silly gunzTarPerm extractEntry package.json
259 silly gunzTarPerm modified mode [ 'package.json', 436, 438 ]
260 silly gunzTarPerm extractEntry package.json
261 silly gunzTarPerm modified mode [ 'package.json', 420, 438 ]
262 silly gunzTarPerm extractEntry package.json
263 silly gunzTarPerm modified mode [ 'package.json', 420, 438 ]
264 silly gunzTarPerm extractEntry package.json
265 silly gunzTarPerm modified mode [ 'package.json', 420, 438 ]
266 silly gunzTarPerm extractEntry README.md
267 silly gunzTarPerm modified mode [ 'README.md', 436, 438 ]
268 silly gunzTarPerm extractEntry README.md
269 silly gunzTarPerm modified mode [ 'README.md', 420, 438 ]
270 silly gunzTarPerm extractEntry bindings.js
271 silly gunzTarPerm modified mode [ 'bindings.js', 420, 438 ]
272 silly gunzTarPerm extractEntry include_dirs.js
273 silly gunzTarPerm modified mode [ 'include_dirs.js', 436, 438 ]
274 silly gunzTarPerm extractEntry .npmignore
275 silly gunzTarPerm modified mode [ '.npmignore', 420, 438 ]
276 silly gunzTarPerm extractEntry README.md
277 silly gunzTarPerm modified mode [ 'README.md', 420, 438 ]
278 silly gunzTarPerm extractEntry .npmignore
279 silly gunzTarPerm modified mode [ '.npmignore', 420, 438 ]
280 silly gunzTarPerm extractEntry README.md
281 silly gunzTarPerm modified mode [ 'README.md', 420, 438 ]
282 silly gunzTarPerm extractEntry nan_converters.h
283 silly gunzTarPerm modified mode [ 'nan_converters.h', 436, 438 ]
284 silly gunzTarPerm extractEntry LICENSE.md
285 silly gunzTarPerm modified mode [ 'LICENSE.md', 436, 438 ]
286 silly gunzTarPerm extractEntry doc/node_misc.md
287 silly gunzTarPerm modified mode [ 'doc/node_misc.md', 436, 438 ]
288 silly gunzTarPerm extractEntry doc/asyncworker.md
289 silly gunzTarPerm modified mode [ 'doc/asyncworker.md', 436, 438 ]
290 silly gunzTarPerm extractEntry LICENSE
291 silly gunzTarPerm modified mode [ 'LICENSE', 420, 438 ]
292 silly gunzTarPerm extractEntry bcrypt.js
293 silly gunzTarPerm modified mode [ 'bcrypt.js', 420, 438 ]
294 silly gunzTarPerm extractEntry Makefile
295 silly gunzTarPerm modified mode [ 'Makefile', 420, 438 ]
296 silly gunzTarPerm extractEntry .travis.yml
297 silly gunzTarPerm modified mode [ '.travis.yml', 420, 438 ]
298 silly gunzTarPerm extractEntry CHANGELOG.md
299 silly gunzTarPerm modified mode [ 'CHANGELOG.md', 420, 438 ]
300 silly gunzTarPerm extractEntry binding.gyp
301 silly gunzTarPerm modified mode [ 'binding.gyp', 420, 438 ]
302 silly gunzTarPerm extractEntry examples/async_compare.js
303 silly gunzTarPerm modified mode [ 'examples/async_compare.js', 420, 438 ]
304 silly gunzTarPerm extractEntry examples/forever_gen_salt.js
305 silly gunzTarPerm modified mode [ 'examples/forever_gen_salt.js', 420, 438 ]
306 silly gunzTarPerm extractEntry test/async.js
307 silly gunzTarPerm modified mode [ 'test/async.js', 420, 438 ]
308 silly gunzTarPerm extractEntry test/repetitions.js
309 silly gunzTarPerm modified mode [ 'test/repetitions.js', 420, 438 ]
310 silly gunzTarPerm extractEntry test/sync.js
311 silly gunzTarPerm modified mode [ 'test/sync.js', 420, 438 ]
312 silly gunzTarPerm extractEntry ISSUE_TEMPLATE.md
313 silly gunzTarPerm modified mode [ 'ISSUE_TEMPLATE.md', 420, 438 ]
314 silly gunzTarPerm extractEntry src/bcrypt.cc
315 silly gunzTarPerm modified mode [ 'src/bcrypt.cc', 420, 438 ]
316 silly gunzTarPerm extractEntry src/bcrypt_node.cc
317 silly gunzTarPerm modified mode [ 'src/bcrypt_node.cc', 420, 438 ]
318 silly gunzTarPerm extractEntry src/blowfish.cc
319 silly gunzTarPerm modified mode [ 'src/blowfish.cc', 420, 438 ]
320 silly gunzTarPerm extractEntry src/node_blf.h
321 silly gunzTarPerm modified mode [ 'src/node_blf.h', 420, 438 ]
322 silly gunzTarPerm extractEntry werker.yml
323 silly gunzTarPerm modified mode [ 'werker.yml', 420, 438 ]
324 silly gunzTarPerm extractEntry Gruntfile.js
325 silly gunzTarPerm modified mode [ 'Gruntfile.js', 420, 438 ]
326 silly gunzTarPerm extractEntry index.js
327 silly gunzTarPerm modified mode [ 'index.js', 420, 438 ]
328 silly gunzTarPerm extractEntry LICENSE.md
329 silly gunzTarPerm modified mode [ 'LICENSE.md', 420, 438 ]
330 silly gunzTarPerm extractEntry CHANGELOG.md
331 silly gunzTarPerm modified mode [ 'CHANGELOG.md', 420, 438 ]
332 silly gunzTarPerm extractEntry doc/callback.md
333 silly gunzTarPerm modified mode [ 'doc/callback.md', 436, 438 ]
334 silly gunzTarPerm extractEntry doc/converters.md
335 silly gunzTarPerm modified mode [ 'doc/converters.md', 436, 438 ]
336 silly gunzTarPerm extractEntry doc/errors.md
337 silly gunzTarPerm modified mode [ 'doc/errors.md', 436, 438 ]
338 silly gunzTarPerm extractEntry doc/maybe_types.md
339 silly gunzTarPerm modified mode [ 'doc/maybe_types.md', 436, 438 ]
340 silly gunzTarPerm extractEntry doc/methods.md
341 silly gunzTarPerm modified mode [ 'doc/methods.md', 436, 438 ]
342 silly gunzTarPerm extractEntry doc/new.md
343 silly gunzTarPerm modified mode [ 'doc/new.md', 436, 438 ]
344 silly gunzTarPerm extractEntry lib/mongostore.js
345 silly gunzTarPerm modified mode [ 'lib/mongostore.js', 420, 438 ]
346 silly gunzTarPerm extractEntry doc/buffers.md
347 silly gunzTarPerm modified mode [ 'doc/buffers.md', 436, 438 ]
348 silly gunzTarPerm extractEntry doc/object_wrappers.md
349 silly gunzTarPerm modified mode [ 'doc/object_wrappers.md', 436, 438 ]
350 silly gentlyRm C:\Users\Owner\node\copy\node_modules\.staging\bindings-7b385b38\node_modules is being purged
351 verbose gentlyRm don't care about contents; nuking C:\Users\Owner\node\copy\node_modules\.staging\bindings-7b385b38\node_modules
352 silly gunzTarPerm extractEntry doc/persistent.md
353 silly gunzTarPerm modified mode [ 'doc/persistent.md', 436, 438 ]
354 silly gunzTarPerm extractEntry doc/scopes.md
355 silly gunzTarPerm modified mode [ 'doc/scopes.md', 436, 438 ]
356 silly gunzTarPerm extractEntry doc/script.md
357 silly gunzTarPerm modified mode [ 'doc/script.md', 436, 438 ]
358 silly gunzTarPerm extractEntry doc/string_bytes.md
359 silly gunzTarPerm modified mode [ 'doc/string_bytes.md', 436, 438 ]
360 silly gunzTarPerm extractEntry doc/v8_internals.md
361 silly gunzTarPerm modified mode [ 'doc/v8_internals.md', 436, 438 ]
362 silly gunzTarPerm extractEntry doc/v8_misc.md
363 silly gunzTarPerm modified mode [ 'doc/v8_misc.md', 436, 438 ]
364 silly gunzTarPerm extractEntry nan.h
365 silly gunzTarPerm modified mode [ 'nan.h', 436, 438 ]
366 silly gunzTarPerm extractEntry nan_callbacks.h
367 silly gunzTarPerm modified mode [ 'nan_callbacks.h', 436, 438 ]
368 silly gunzTarPerm extractEntry nan_callbacks_12_inl.h
369 silly gunzTarPerm modified mode [ 'nan_callbacks_12_inl.h', 436, 438 ]
370 silly gunzTarPerm extractEntry nan_callbacks_pre_12_inl.h
371 silly gunzTarPerm modified mode [ 'nan_callbacks_pre_12_inl.h', 436, 438 ]
372 silly gunzTarPerm extractEntry nan_converters_43_inl.h
373 silly gunzTarPerm modified mode [ 'nan_converters_43_inl.h', 436, 438 ]
374 silly gunzTarPerm extractEntry nan_converters_pre_43_inl.h
375 silly gunzTarPerm modified mode [ 'nan_converters_pre_43_inl.h', 436, 438 ]
376 silly gunzTarPerm extractEntry nan_implementation_12_inl.h
377 silly gunzTarPerm modified mode [ 'nan_implementation_12_inl.h', 436, 438 ]
378 silly gunzTarPerm extractEntry nan_implementation_pre_12_inl.h
379 silly gunzTarPerm modified mode [ 'nan_implementation_pre_12_inl.h', 436, 438 ]
380 silly gunzTarPerm extractEntry nan_maybe_43_inl.h
381 silly gunzTarPerm modified mode [ 'nan_maybe_43_inl.h', 436, 438 ]
382 silly gunzTarPerm extractEntry nan_maybe_pre_43_inl.h
383 silly gunzTarPerm modified mode [ 'nan_maybe_pre_43_inl.h', 436, 438 ]
384 silly gunzTarPerm extractEntry nan_new.h
385 silly gunzTarPerm modified mode [ 'nan_new.h', 436, 438 ]
386 silly gunzTarPerm extractEntry nan_object_wrap.h
387 silly gunzTarPerm modified mode [ 'nan_object_wrap.h', 436, 438 ]
388 silly gunzTarPerm extractEntry nan_persistent_12_inl.h
389 silly gunzTarPerm modified mode [ 'nan_persistent_12_inl.h', 436, 438 ]
390 silly gunzTarPerm extractEntry nan_persistent_pre_12_inl.h
391 silly gunzTarPerm modified mode [ 'nan_persistent_pre_12_inl.h', 436, 438 ]
392 silly gunzTarPerm extractEntry nan_string_bytes.h
393 silly gunzTarPerm modified mode [ 'nan_string_bytes.h', 436, 438 ]
394 silly gunzTarPerm extractEntry nan_typedarray_contents.h
395 silly gunzTarPerm modified mode [ 'nan_typedarray_contents.h', 436, 438 ]
396 silly gunzTarPerm extractEntry nan_weak.h
397 silly gunzTarPerm modified mode [ 'nan_weak.h', 436, 438 ]
398 silly gunzTarPerm extractEntry CHANGELOG.md
399 silly gunzTarPerm modified mode [ 'CHANGELOG.md', 436, 438 ]
400 silly gunzTarPerm extractEntry tools/package.json
401 silly gunzTarPerm modified mode [ 'tools/package.json', 436, 438 ]
402 silly gunzTarPerm extractEntry tools/README.md
403 silly gunzTarPerm modified mode [ 'tools/README.md', 436, 438 ]
404 silly gunzTarPerm extractEntry tools/1to2.js
405 silly gunzTarPerm modified mode [ 'tools/1to2.js', 509, 511 ]
406 silly gentlyRm C:\Users\Owner\node\copy\node_modules\.staging\passwordless-mongostore-326841f4\node_modules is being purged
407 verbose gentlyRm don't care about contents; nuking C:\Users\Owner\node\copy\node_modules\.staging\passwordless-mongostore-326841f4\node_modules
408 silly gentlyRm C:\Users\Owner\node\copy\node_modules\.staging\bcrypt-e8dc79d2\node_modules is being purged
409 verbose gentlyRm don't care about contents; nuking C:\Users\Owner\node\copy\node_modules\.staging\bcrypt-e8dc79d2\node_modules
410 silly gentlyRm C:\Users\Owner\node\copy\node_modules\.staging\nan-d08d24a6\node_modules is being purged
411 verbose gentlyRm don't care about contents; nuking C:\Users\Owner\node\copy\node_modules\.staging\nan-d08d24a6\node_modules
412 silly doParallel preinstall 4
413 silly preinstall bindings@1.2.1 C:\Users\Owner\node\copy\node_modules\.staging\bindings-7b385b38
414 info lifecycle bindings@1.2.1~preinstall: bindings@1.2.1
415 silly preinstall nan@2.3.5 C:\Users\Owner\node\copy\node_modules\.staging\nan-d08d24a6
416 info lifecycle nan@2.3.5~preinstall: nan@2.3.5
417 silly preinstall bcrypt@0.8.7 C:\Users\Owner\node\copy\node_modules\.staging\bcrypt-e8dc79d2
418 info lifecycle bcrypt@0.8.7~preinstall: bcrypt@0.8.7
419 silly preinstall passwordless-mongostore@0.1.4 C:\Users\Owner\node\copy\node_modules\.staging\passwordless-mongostore-326841f4
420 info lifecycle passwordless-mongostore@0.1.4~preinstall: passwordless-mongostore@0.1.4
421 silly lifecycle bindings@1.2.1~preinstall: no script for preinstall, continuing
422 silly lifecycle nan@2.3.5~preinstall: no script for preinstall, continuing
423 silly lifecycle bcrypt@0.8.7~preinstall: no script for preinstall, continuing
424 silly lifecycle passwordless-mongostore@0.1.4~preinstall: no script for preinstall, continuing
425 silly doReverseSerial remove 0
426 silly doSerial move 0
427 silly doSerial finalize 4
428 silly finalize C:\Users\Owner\node\copy\node_modules\bindings
429 silly finalize C:\Users\Owner\node\copy\node_modules\nan
430 silly finalize C:\Users\Owner\node\copy\node_modules\bcrypt
431 silly finalize C:\Users\Owner\node\copy\node_modules\passwordless-mongostore
432 silly doSerial build 4
433 silly build bindings@1.2.1
434 info linkStuff bindings@1.2.1
435 silly linkStuff bindings@1.2.1 has C:\Users\Owner\node\copy\node_modules as its parent node_modules
436 verbose linkBins bindings@1.2.1
437 verbose linkMans bindings@1.2.1
438 silly build nan@2.3.5
439 info linkStuff nan@2.3.5
440 silly linkStuff nan@2.3.5 has C:\Users\Owner\node\copy\node_modules as its parent node_modules
441 verbose linkBins nan@2.3.5
442 verbose linkMans nan@2.3.5
443 silly build bcrypt@0.8.7
444 info linkStuff bcrypt@0.8.7
445 silly linkStuff bcrypt@0.8.7 has C:\Users\Owner\node\copy\node_modules as its parent node_modules
446 verbose linkBins bcrypt@0.8.7
447 verbose linkMans bcrypt@0.8.7
448 silly build passwordless-mongostore@0.1.4
449 info linkStuff passwordless-mongostore@0.1.4
450 silly linkStuff passwordless-mongostore@0.1.4 has C:\Users\Owner\node\copy\node_modules as its parent node_modules
451 verbose linkBins passwordless-mongostore@0.1.4
452 verbose linkMans passwordless-mongostore@0.1.4
453 silly doSerial global-link 0
454 silly doParallel update-linked 0
455 silly doSerial install 4
456 silly install bindings@1.2.1 C:\Users\Owner\node\copy\node_modules\.staging\bindings-7b385b38
457 info lifecycle bindings@1.2.1~install: bindings@1.2.1
458 silly lifecycle bindings@1.2.1~install: no script for install, continuing
459 silly install nan@2.3.5 C:\Users\Owner\node\copy\node_modules\.staging\nan-d08d24a6
460 info lifecycle nan@2.3.5~install: nan@2.3.5
461 silly lifecycle nan@2.3.5~install: no script for install, continuing
462 silly install bcrypt@0.8.7 C:\Users\Owner\node\copy\node_modules\.staging\bcrypt-e8dc79d2
463 info lifecycle bcrypt@0.8.7~install: bcrypt@0.8.7
464 verbose lifecycle bcrypt@0.8.7~install: unsafe-perm in lifecycle true
465 verbose lifecycle bcrypt@0.8.7~install: PATH: C:\Program Files\nodejs\node_modules\npm\bin\node-gyp-bin;C:\Users\Owner\node\copy\node_modules\bcrypt\node_modules\.bin;C:\Users\Owner\node\copy\node_modules\.bin;C:\Program Files\nodejs;C:\ProgramData\Oracle\Java\javapath;C:\Program Files (x86)\Intel\iCLS Client\;C:\Program Files\Intel\iCLS Client\;C:\WINDOWS\system32;C:\WINDOWS;C:\WINDOWS\System32\Wbem;C:\WINDOWS\System32\WindowsPowerShell\v1.0\;C:\Program Files (x86)\Skype\Phone\;C:\Program Files\Intel\WiFi\bin\;C:\Program Files\Common Files\Intel\WirelessCommon\;C:\Program Files (x86)\Intel\Intel(R) Management Engine Components\DAL;C:\Program Files\Intel\Intel(R) Management Engine Components\DAL;C:\Program Files (x86)\Intel\Intel(R) Management Engine Components\IPT;C:\Program Files\Intel\Intel(R) Management Engine Components\IPT;C:\Program Files\Git\cmd;C:\Program Files\nodejs\;C:\WINDOWS\system32\config\systemprofile\.dnx\bin;C:\Program Files\Microsoft DNX\Dnvm\;C:\Program Files\Microsoft SQL Server\130\Tools\Binn\;C:\Program Files\Microsoft SQL Server\120\Tools\Binn\;C:\Program Files\Intel\WiFi\bin\;C:\Program Files\Common Files\Intel\WirelessCommon\;C:\Users\Owner\AppData\Roaming\npm;C:\Users\Owner\AppData\Local\Microsoft\WindowsApps;C:\Users\Owner\AppData\Local\atom\bin
466 verbose lifecycle bcrypt@0.8.7~install: CWD: C:\Users\Owner\node\copy\node_modules\bcrypt
467 silly lifecycle bcrypt@0.8.7~install: Args: [ '/d /s /c', 'node-gyp rebuild' ]
468 silly lifecycle bcrypt@0.8.7~install: Returned: code: 1  signal: null
469 info lifecycle bcrypt@0.8.7~install: Failed to exec install script
470 verbose unlock done using C:\Users\Owner\AppData\Roaming\npm-cache\_locks\staging-2ef258108204ae1a.lock for C:\Users\Owner\node\copy\node_modules\.staging
471 silly rollbackFailedOptional Starting
472 silly rollbackFailedOptional Finishing
473 silly runTopLevelLifecycles Starting
474 silly runTopLevelLifecycles Finishing
475 silly install printInstalled
476 verbose stack Error: bcrypt@0.8.7 install: `node-gyp rebuild`
476 verbose stack Exit status 1
476 verbose stack     at EventEmitter.<anonymous> (C:\Program Files\nodejs\node_modules\npm\lib\utils\lifecycle.js:242:16)
476 verbose stack     at emitTwo (events.js:106:13)
476 verbose stack     at EventEmitter.emit (events.js:191:7)
476 verbose stack     at ChildProcess.<anonymous> (C:\Program Files\nodejs\node_modules\npm\lib\utils\spawn.js:40:14)
476 verbose stack     at emitTwo (events.js:106:13)
476 verbose stack     at ChildProcess.emit (events.js:191:7)
476 verbose stack     at maybeClose (internal/child_process.js:877:16)
476 verbose stack     at Process.ChildProcess._handle.onexit (internal/child_process.js:226:5)
477 verbose pkgid bcrypt@0.8.7
478 verbose cwd C:\Users\Owner\node\copy
479 error Windows_NT 10.0.14393
480 error argv "C:\\Program Files\\nodejs\\node.exe" "C:\\Program Files\\nodejs\\node_modules\\npm\\bin\\npm-cli.js" "install" "passwordless-mongostore" "--save"
481 error node v6.5.0
482 error npm  v3.10.3
483 error code ELIFECYCLE
484 error bcrypt@0.8.7 install: `node-gyp rebuild`
484 error Exit status 1
485 error Failed at the bcrypt@0.8.7 install script 'node-gyp rebuild'.
485 error Make sure you have the latest version of node.js and npm installed.
485 error If you do, this is most likely a problem with the bcrypt package,
485 error not with npm itself.
485 error Tell the author that this fails on your system:
485 error     node-gyp rebuild
485 error You can get information on how to open an issue for this project with:
485 error     npm bugs bcrypt
485 error Or if that isn't available, you can get their info via:
485 error     npm owner ls bcrypt
485 error There is likely additional logging output above.
486 verbose exit [ 1, true ]
